Mar 15, 2024 8:25:35 PM mainApp.SpotlessStockXIS run
INFO: SpotlessStockXIS Application Started.
Mar 15, 2024 8:25:35 PM mainApp.SpotlessStockXIS inventoryManager
INFO: SpotlessStockXIS Menu Accessed.
Mar 15, 2024 8:25:37 PM mainApp.SpotlessStockXIS exportBOL
INFO: ==== Export BOL Report ====
Mar 15, 2024 8:25:38 PM mainApp.DatabaseConnector connectToDatabase
INFO: Connected to DB successfully.
Mar 15, 2024 8:25:38 PM mainApp.DatabaseConnector connectToDatabase
INFO: DB Connection Started
Mar 15, 2024 8:25:38 PM mainApp.ViewSites DisplaySites
INFO: Delivery site information displayed
Mar 15, 2024 8:25:42 PM mainApp.DatabaseConnector connectToDatabase
INFO: Connected to DB successfully.
Mar 15, 2024 8:25:42 PM mainApp.DatabaseConnector connectToDatabase
INFO: DB Connection Started
Mar 15, 2024 8:25:42 PM mainApp.DatabaseConnector connectToDatabase
INFO: Connected to DB successfully.
Mar 15, 2024 8:25:42 PM mainApp.DatabaseConnector connectToDatabase
INFO: DB Connection Started
Mar 15, 2024 8:25:42 PM mainApp.SpotlessStockXIS inventoryManager
INFO: SpotlessStockXIS Menu Accessed.
Mar 15, 2024 8:26:35 PM mainApp.SpotlessStockXIS itemAdd
INFO: ==== Add Stock Item ====
Mar 15, 2024 8:26:40 PM mainApp.SpotlessStockXIS inventoryManager
INFO: SpotlessStockXIS Menu Accessed.
